#
# A fatal error has been detected by the Java Runtime Environment:
#
#  EXCEPTION_ACCESS_VIOLATION (0xc0000005) at pc=0x00000000, pid=6024, tid=0x00000510
#
# JRE version: Java(TM) SE Runtime Environment (8.0_201-b09) (build 1.8.0_201-b09)
# Java VM: Java HotSpot(TM) Client VM (25.201-b09 mixed mode windows-x86 )
# Problematic frame:
# C  0x00000000
#
# Failed to write core dump. Minidumps are not enabled by default on client versions of Windows
#
# If you would like to submit a bug report, please visit:
#   http://bugreport.java.com/bugreport/crash.jsp
#

---------------  T H R E A D  ---------------

Current thread (0x1425b000):  VMThread [stack: 0x00250000,0x002a0000] [id=1296]

siginfo: ExceptionCode=0xc0000005, ExceptionInformation=0x00000008 0x00000000

Registers:
EAX=0x00000000, EBX=0x00000001, ECX=0x01b0b046, EDX=0x002c7b81
ESP=0x0029f8c8, EBP=0x0029f8d8, ESI=0x13e35bd0, EDI=0x01b96b08
EIP=0x00000000, EFLAGS=0x00010212

Top of Stack: (sp=0x0029f8c8)
0x0029f8c8:   6019e518 00000001 1434bcd8 60119550
0x0029f8d8:   0029f8e4 6011955f 00000001 0029f94c
0x0029f8e8:   60136aee 13e35bd0 01792ae8 01b96b08
0x0029f8f8:   60119570 00000000 01b96e4c 01b96e98
0x0029f908:   01b96b08 01b97c52 14330005 01b96e48
0x0029f918:   77000000 01b96ea0 01b96ea0 01b97b30
0x0029f928:   01b96ea0 01b97b30 01b97cb8 6039af98
0x0029f938:   0029f8fc 00000000 00000000 01792ae8 

Instructions: (pc=0x00000000)
0xffffffe0:   


Register to memory mapping:

EAX=0x00000000 is an unknown value
EBX=0x00000001 is an unknown value
ECX=0x01b0b046 is at code_begin+70 in an AdapterHandler
Adapter for signature: 0x01b0b046 is at code_begin+70 in 
[CodeBlob (0x01b0afc8)]
Framesize: 0
BufferBlob (0x01b0afc8) used for I2C/C2I adapters
EDX=0x002c7b81 is an unknown value
ESP=0x0029f8c8 is an unknown value
EBP=0x0029f8d8 is an unknown value
ESI={method} {0x13e35bd4} '
[error occurred during error reporting (printing register info), id 0xc0000005]

Stack: [0x00250000,0x002a0000],  sp=0x0029f8c8,  free space=318k
VM_Operation (0x148af1f4): RedefineClasses, mode: safepoint, requested by thread 0x142af800


---------------  P R O C E S S  ---------------

Java Threads: ( => current thread )
  0x142e4c00 JavaThread "Service Thread" daemon [_thread_blocked, id=1620, stack(0x145e0000,0x14630000)]
  0x142bec00 JavaThread "C1 CompilerThread0" daemon [_thread_blocked, id=3940, stack(0x144f0000,0x14540000)]
  0x142b4c00 JavaThread "JDWP Command Reader" daemon [_thread_in_native, id=5068, stack(0x003b0000,0x00400000)]
  0x142b2c00 JavaThread "JDWP Event Helper Thread" daemon [_thread_blocked, id=5564, stack(0x14800000,0x14850000)]
  0x142af800 JavaThread "JDWP Transport Listener: dt_socket" daemon [_thread_blocked, id=5736, stack(0x14860000,0x148b0000)]
  0x142a0c00 JavaThread "Attach Listener" daemon [_thread_blocked, id=5788, stack(0x14690000,0x146e0000)]
  0x1429e000 JavaThread "Signal Dispatcher" daemon [_thread_blocked, id=4804, stack(0x14540000,0x14590000)]
  0x1428a400 JavaThread "Finalizer" daemon [_thread_blocked, id=3772, stack(0x14140000,0x14190000)]
  0x14263c00 JavaThread "Reference Handler" daemon [_thread_blocked, id=5572, stack(0x141b0000,0x14200000)]
  0x0179d400 JavaThread "main" [_thread_blocked, id=5632, stack(0x017b0000,0x01800000)]

Other Threads:
=>0x1425b000 VMThread [stack: 0x00250000,0x002a0000] [id=1296]
  0x142e7c00 WatcherThread [stack: 0x14ab0000,0x14b00000] [id=2144]

VM state:at safepoint (normal execution)

VM Mutex/Monitor currently owned by a thread:  ([mutex/lock_event])
[0x0179b870] Threads_lock - owner thread: 0x1425b000

Heap:
 def new generation   total 15808K, used 6473K [0x03c00000, 0x04d20000, 0x09150000)
  eden space 14080K,  45% used [0x03c00000, 0x042525d0, 0x049c0000)
  from space 1728K,   0% used [0x049c0000, 0x049c0000, 0x04b70000)
  to   space 1728K,   0% used [0x04b70000, 0x04b70000, 0x04d20000)
 tenured generation   total 35028K, used 21016K [0x09150000, 0x0b385000, 0x13c00000)
   the space 35028K,  59% used [0x09150000, 0x0a5d6000, 0x0a5d6000, 0x0b385000)
 Metaspace       used 2259K, capacity 2632K, committed 2752K, reserved 4480K

Card table byte_map: [0x03ad0000,0x03b60000] byte_map_base: 0x03ab2000

Polling page: 0x00120000

CodeCache: size=32768Kb used=936Kb max_used=936Kb free=31831Kb
 bounds [0x01ad0000, 0x01bc0000, 0x03ad0000]
 total_blobs=302 nmethods=164 adapters=77
 compilation: enabled

Compilation events (10 events):
Event: 12.531 Thread 0x142bec00  160             org.junit.Assert::assertTrue (6 bytes)
Event: 12.532 Thread 0x142bec00 nmethod 160 0x01bb8808 code [0x01bb8910, 0x01bb8a0c]
Event: 12.532 Thread 0x142bec00  161             org.junit.Assert::assertTrue (9 bytes)
Event: 12.532 Thread 0x142bec00 nmethod 161 0x01bb8b48 code [0x01bb8c70, 0x01bb8df8]
Event: 12.532 Thread 0x142bec00  162             org.junit.Assert::assertNull (6 bytes)
Event: 12.532 Thread 0x142bec00 nmethod 162 0x01bb8fc8 code [0x01bb90c0, 0x01bb915c]
Event: 12.532 Thread 0x142bec00  163             org.junit.Assert::assertNull (11 bytes)
Event: 12.532 Thread 0x142bec00 nmethod 163 0x01bb91c8 code [0x01bb92c0, 0x01bb935c]
Event: 12.605 Thread 0x142bec00  164             eg.edu.alexu.csd.filestructure.btree.Tree::mergeNodes (171 bytes)
Event: 12.605 Thread 0x142bec00 nmethod 164 0x01bb93c8 code [0x01bb95b0, 0x01bb9a90]

GC Heap History (10 events):
Event: 0.323 GC heap before
{Heap before GC invocations=2 (full 0):
 def new generation   total 4928K, used 4927K [0x03c00000, 0x04150000, 0x09150000)
  eden space 4416K, 100% used [0x03c00000, 0x04050000, 0x04050000)
  from space 512K,  99% used [0x04050000, 0x040cfff8, 0x040d0000)
  to   space 512K,   0% used [0x040d0000, 0x040d0000, 0x04150000)
 tenured generation   total 10944K, used 4422K [0x09150000, 0x09c00000, 0x13c00000)
   the space 10944K,  40% used [0x09150000, 0x095a1ae0, 0x095a1c00, 0x09c00000)
 Metaspace       used 1899K, capacity 2312K, committed 2368K, reserved 4480K
Event: 0.332 GC heap after
Heap after GC invocations=3 (full 0):
 def new generation   total 4928K, used 512K [0x03c00000, 0x04150000, 0x09150000)
  eden space 4416K,   0% used [0x03c00000, 0x03c00000, 0x04050000)
  from space 512K, 100% used [0x040d0000, 0x04150000, 0x04150000)
  to   space 512K,   0% used [0x04050000, 0x04050000, 0x040d0000)
 tenured generation   total 10944K, used 7009K [0x09150000, 0x09c00000, 0x13c00000)
   the space 10944K,  64% used [0x09150000, 0x098286e8, 0x09828800, 0x09c00000)
 Metaspace       used 1899K, capacity 2312K, committed 2368K, reserved 4480K
}
Event: 0.354 GC heap before
{Heap before GC invocations=3 (full 0):
 def new generation   total 4928K, used 4928K [0x03c00000, 0x04150000, 0x09150000)
  eden space 4416K, 100% used [0x03c00000, 0x04050000, 0x04050000)
  from space 512K, 100% used [0x040d0000, 0x04150000, 0x04150000)
  to   space 512K,   0% used [0x04050000, 0x04050000, 0x040d0000)
 tenured generation   total 10944K, used 7009K [0x09150000, 0x09c00000, 0x13c00000)
   the space 10944K,  64% used [0x09150000, 0x098286e8, 0x09828800, 0x09c00000)
 Metaspace       used 1899K, capacity 2312K, committed 2368K, reserved 4480K
Event: 0.364 GC heap after
Heap after GC invocations=4 (full 0):
 def new generation   total 4928K, used 512K [0x03c00000, 0x04150000, 0x09150000)
  eden space 4416K,   0% used [0x03c00000, 0x03c00000, 0x04050000)
  from space 512K, 100% used [0x04050000, 0x040d0000, 0x040d0000)
  to   space 512K,   0% used [0x040d0000, 0x040d0000, 0x04150000)
 tenured generation   total 10944K, used 9571K [0x09150000, 0x09c00000, 0x13c00000)
   the space 10944K,  87% used [0x09150000, 0x09aa8c90, 0x09aa8e00, 0x09c00000)
 Metaspace       used 1899K, capacity 2312K, committed 2368K, reserved 4480K
}
Event: 0.386 GC heap before
{Heap before GC invocations=4 (full 0):
 def new generation   total 4928K, used 4928K [0x03c00000, 0x04150000, 0x09150000)
  eden space 4416K, 100% used [0x03c00000, 0x04050000, 0x04050000)
  from space 512K, 100% used [0x04050000, 0x040d0000, 0x040d0000)
  to   space 512K,   0% used [0x040d0000, 0x040d0000, 0x04150000)
 tenured generation   total 10944K, used 9571K [0x09150000, 0x09c00000, 0x13c00000)
   the space 10944K,  87% used [0x09150000, 0x09aa8c90, 0x09aa8e00, 0x09c00000)
 Metaspace       used 1899K, capacity 2312K, committed 2368K, reserved 4480K
Event: 0.418 GC heap after
Heap after GC invocations=5 (full 1):
 def new generation   total 9216K, used 473K [0x03c00000, 0x04600000, 0x09150000)
  eden space 8192K,   5% used [0x03c00000, 0x03c76630, 0x04400000)
  from space 1024K,   0% used [0x04400000, 0x04400000, 0x04500000)
  to   space 1024K,   0% used [0x04500000, 0x04500000, 0x04600000)
 tenured generation   total 20376K, used 12224K [0x09150000, 0x0a536000, 0x13c00000)
   the space 20376K,  59% used [0x09150000, 0x09d40000, 0x09d40000, 0x0a536000)
 Metaspace       used 1899K, capacity 2312K, committed 2368K, reserved 4480K
}
Event: 0.458 GC heap before
{Heap before GC invocations=5 (full 1):
 def new generation   total 9216K, used 8192K [0x03c00000, 0x04600000, 0x09150000)
  eden space 8192K, 100% used [0x03c00000, 0x04400000, 0x04400000)
  from space 1024K,   0% used [0x04400000, 0x04400000, 0x04500000)
  to   space 1024K,   0% used [0x04500000, 0x04500000, 0x04600000)
 tenured generation   total 20376K, used 12224K [0x09150000, 0x0a536000, 0x13c00000)
   the space 20376K,  59% used [0x09150000, 0x09d40000, 0x09d40000, 0x0a536000)
 Metaspace       used 1899K, capacity 2312K, committed 2368K, reserved 4480K
Event: 0.479 GC heap after
Heap after GC invocations=6 (full 1):
 def new generation   total 9216K, used 1024K [0x03c00000, 0x04600000, 0x09150000)
  eden space 8192K,   0% used [0x03c00000, 0x03c00000, 0x04400000)
  from space 1024K, 100% used [0x04500000, 0x04600000, 0x04600000)
  to   space 1024K,   0% used [0x04400000, 0x04400000, 0x04500000)
 tenured generation   total 20376K, used 16151K [0x09150000, 0x0a536000, 0x13c00000)
   the space 20376K,  79% used [0x09150000, 0x0a115dd0, 0x0a115e00, 0x0a536000)
 Metaspace       used 1899K, capacity 2312K, committed 2368K, reserved 4480K
}
Event: 0.521 GC heap before
{Heap before GC invocations=6 (full 1):
 def new generation   total 9216K, used 9216K [0x03c00000, 0x04600000, 0x09150000)
  eden space 8192K, 100% used [0x03c00000, 0x04400000, 0x04400000)
  from space 1024K, 100% used [0x04500000, 0x04600000, 0x04600000)
  to   space 1024K,   0% used [0x04400000, 0x04400000, 0x04500000)
 tenured generation   total 20376K, used 16151K [0x09150000, 0x0a536000, 0x13c00000)
   the space 20376K,  79% used [0x09150000, 0x0a115dd0, 0x0a115e00, 0x0a536000)
 Metaspace       used 1899K, capacity 2312K, committed 2368K, reserved 4480K
Event: 0.580 GC heap after
Heap after GC invocations=7 (full 2):
 def new generation   total 15808K, used 909K [0x03c00000, 0x04d20000, 0x09150000)
  eden space 14080K,   6% used [0x03c00000, 0x03ce3658, 0x049c0000)
  from space 1728K,   0% used [0x049c0000, 0x049c0000, 0x04b70000)
  to   space 1728K,   0% used [0x04b70000, 0x04b70000, 0x04d20000)
 tenured generation   total 35028K, used 21016K [0x09150000, 0x0b385000, 0x13c00000)
   the space 35028K,  59% used [0x09150000, 0x0a5d6000, 0x0a5d6000, 0x0b385000)
 Metaspace       used 1899K, capacity 2312K, committed 2368K, reserved 4480K
}

Deoptimization events (0 events):
No events

Classes redefined (10 events):
Event: 1140.075 Thread 0x1425b000 redefined class name=eg.edu.alexu.csd.filestructure.btree.tester, count=9
Event: 1593.702 Thread 0x1425b000 redefined class name=eg.edu.alexu.csd.filestructure.btree.Tree, count=5
Event: 1669.861 Thread 0x1425b000 redefined class name=eg.edu.alexu.csd.filestructure.btree.Tree, count=6
Event: 2359.034 Thread 0x1425b000 redefined class name=eg.edu.alexu.csd.filestructure.btree.Tree, count=7
Event: 2651.351 Thread 0x1425b000 redefined class name=eg.edu.alexu.csd.filestructure.btree.Tree, count=8
Event: 2786.425 Thread 0x1425b000 redefined class name=eg.edu.alexu.csd.filestructure.btree.Tree, count=9
Event: 2875.472 Thread 0x1425b000 redefined class name=eg.edu.alexu.csd.filestructure.btree.Tree, count=10
Event: 3006.697 Thread 0x1425b000 redefined class name=eg.edu.alexu.csd.filestructure.btree.Tree, count=11
Event: 3017.500 Thread 0x1425b000 redefined class name=eg.edu.alexu.csd.filestructure.btree.Tree, count=12
Event: 3138.489 Thread 0x1425b000 redefined class name=eg.edu.alexu.csd.filestructure.btree.Tree, count=13

Internal exceptions (6 events):
Event: 0.057 Thread 0x0179d400 Exception <a 'java/lang/NoSuchMethodError': Method sun.misc.Unsafe.defineClass(Ljava/lang/String;[BII)Ljava/lang/Class; name or signature does not match> (0x03c06ea8) thrown at [C:\re\workspace\8-2-build-windows-i586-cygwin\jdk8u201\12322\hotspot\src\shar
Event: 0.057 Thread 0x0179d400 Exception <a 'java/lang/NoSuchMethodError': Method sun.misc.Unsafe.prefetchRead(Ljava/lang/Object;J)V name or signature does not match> (0x03c07178) thrown at [C:\re\workspace\8-2-build-windows-i586-cygwin\jdk8u201\12322\hotspot\src\share\vm\prims\jni.cpp
Event: 0.188 Thread 0x0179d400 Exception <a 'java/security/PrivilegedActionException'> (0x03cb9e08) thrown at [C:\re\workspace\8-2-build-windows-i586-cygwin\jdk8u201\12322\hotspot\src\share\vm\prims\jvm.cpp, line 1502]
Event: 0.188 Thread 0x0179d400 Exception <a 'java/security/PrivilegedActionException'> (0x03cba008) thrown at [C:\re\workspace\8-2-build-windows-i586-cygwin\jdk8u201\12322\hotspot\src\share\vm\prims\jvm.cpp, line 1502]
Event: 0.189 Thread 0x0179d400 Exception <a 'java/security/PrivilegedActionException'> (0x03cbd810) thrown at [C:\re\workspace\8-2-build-windows-i586-cygwin\jdk8u201\12322\hotspot\src\share\vm\prims\jvm.cpp, line 1502]
Event: 0.189 Thread 0x0179d400 Exception <a 'java/security/PrivilegedActionException'> (0x03cbda10) thrown at [C:\re\workspace\8-2-build-windows-i586-cygwin\jdk8u201\12322\hotspot\src\share\vm\prims\jvm.cpp, line 1502]

Events (10 events):
Event: 3192.978 Executing VM operation: GetOwnedMonitorInfo done
Event: 3194.464 Executing VM operation: GetCurrentContendedMonitor
Event: 3194.464 Executing VM operation: GetCurrentContendedMonitor done
Event: 3194.465 Executing VM operation: GetOwnedMonitorInfo
Event: 3194.465 Executing VM operation: GetOwnedMonitorInfo done
Event: 3194.480 Executing VM operation: GetCurrentContendedMonitor
Event: 3194.480 Executing VM operation: GetCurrentContendedMonitor done
Event: 3194.480 Executing VM operation: GetOwnedMonitorInfo
Event: 3194.480 Executing VM operation: GetOwnedMonitorInfo done
Event: 3224.101 Executing VM operation: RedefineClasses


Dynamic libraries:
0x002a0000 - 0x002d3000 	C:\Program Files\Java\jre1.8.0_201\bin\javaw.exe
0x77370000 - 0x774b2000 	C:\Windows\SYSTEM32\ntdll.dll
0x774e0000 - 0x775b5000 	C:\Windows\system32\kernel32.dll
0x75490000 - 0x754db000 	C:\Windows\system32\KERNELBASE.dll
0x759c0000 - 0x75a61000 	C:\Windows\system32\ADVAPI32.dll
0x77260000 - 0x7730c000 	C:\Windows\system32\msvcrt.dll
0x75840000 - 0x75859000 	C:\Windows\SYSTEM32\sechost.dll
0x76e20000 - 0x76ec2000 	C:\Windows\system32\RPCRT4.dll
0x76f50000 - 0x77019000 	C:\Windows\system32\USER32.dll
0x76c60000 - 0x76cae000 	C:\Windows\system32\GDI32.dll
0x774c0000 - 0x774ca000 	C:\Windows\system32\LPK.dll
0x77160000 - 0x771fd000 	C:\Windows\system32\USP10.dll
0x74060000 - 0x741fe000 	C:\Windows\WinSxS\x86_microsoft.windows.common-controls_6595b64144ccf1df_6.0.7601.18837_none_41e855142bd5705d\COMCTL32.dll
0x77200000 - 0x77257000 	C:\Windows\system32\SHLWAPI.dll
0x77350000 - 0x7736f000 	C:\Windows\system32\IMM32.DLL
0x75a70000 - 0x75b3d000 	C:\Windows\system32\MSCTF.dll
0x70f00000 - 0x70fbf000 	C:\Program Files\Java\jre1.8.0_201\bin\msvcr100.dll
0x600d0000 - 0x604a5000 	C:\Program Files\Java\jre1.8.0_201\bin\client\jvm.dll
0x724b0000 - 0x724b7000 	C:\Windows\system32\WSOCK32.dll
0x77310000 - 0x77345000 	C:\Windows\system32\WS2_32.dll
0x774d0000 - 0x774d6000 	C:\Windows\system32\NSI.dll
0x73880000 - 0x738b2000 	C:\Windows\system32\WINMM.dll
0x747d0000 - 0x747d9000 	C:\Windows\system32\VERSION.dll
0x76e10000 - 0x76e15000 	C:\Windows\system32\PSAPI.DLL
0x73180000 - 0x7318c000 	C:\Program Files\Java\jre1.8.0_201\bin\verify.dll
0x72990000 - 0x729b1000 	C:\Program Files\Java\jre1.8.0_201\bin\java.dll
0x71bb0000 - 0x71bdb000 	C:\Program Files\Java\jre1.8.0_201\bin\jdwp.dll
0x746b0000 - 0x746b7000 	C:\Program Files\Java\jre1.8.0_201\bin\npt.dll
0x729d0000 - 0x729e4000 	C:\Program Files\Java\jre1.8.0_201\bin\zip.dll
0x76010000 - 0x76c5c000 	C:\Windows\system32\SHELL32.dll
0x75860000 - 0x759bd000 	C:\Windows\system32\ole32.dll
0x75340000 - 0x7534b000 	C:\Windows\system32\profapi.dll
0x72a40000 - 0x72a48000 	C:\Program Files\Java\jre1.8.0_201\bin\dt_socket.dll
0x74020000 - 0x74030000 	C:\Windows\system32\NLAapi.dll
0x71490000 - 0x714a0000 	C:\Windows\system32\napinsp.dll
0x70d10000 - 0x70d22000 	C:\Windows\system32\pnrpnsp.dll
0x74d00000 - 0x74d3c000 	C:\Windows\System32\mswsock.dll
0x74bc0000 - 0x74c04000 	C:\Windows\system32\DNSAPI.dll
0x713e0000 - 0x713e8000 	C:\Windows\System32\winrnr.dll
0x70d00000 - 0x70d0d000 	C:\Windows\system32\wshbth.dll
0x736d0000 - 0x736ec000 	C:\Windows\system32\IPHLPAPI.DLL
0x736c0000 - 0x736c7000 	C:\Windows\system32\WINNSI.DLL
0x732c0000 - 0x732f8000 	C:\Windows\System32\fwpuclnt.dll
0x6bb50000 - 0x6bb56000 	C:\Windows\system32\rasadhlp.dll
0x74860000 - 0x74865000 	C:\Windows\System32\wshtcpip.dll
0x6cb10000 - 0x6cbfb000 	C:\Windows\system32\dbghelp.dll

VM Arguments:
jvm_args: -agentlib:jdwp=transport=dt_socket,suspend=y,address=localhost:51345 -Dfile.encoding=Cp1256 
java_command: eg.edu.alexu.csd.filestructure.btree.tester
java_class_path (initial): K:\Works\Java\BTree\bin;K:\Programs\eclipse-4-4-2-luna-32-bit-en-win\eclipse\plugins\org.junit_4.11.0.v201303080030\junit.jar;K:\Programs\eclipse-4-4-2-luna-32-bit-en-win\eclipse\plugins\org.hamcrest.core_1.3.0.v201303031735.jar
Launcher Type: SUN_STANDARD

Environment Variables:
CLASSPATH=.;C:\Program Files\Java\jre1.8.0_102\lib\ext\QTJava.zip
PATH=C:/Program Files/Java/jre1.8.0_201/bin/client;C:/Program Files/Java/jre1.8.0_201/bin;C:/Program Files/Java/jre1.8.0_201/lib/i386;C:\Program Files\Common Files\Oracle\Java\javapath;C:\Python27\;C:\Python27\Scripts;C:\Windows\system32 ; C:\Windows;C:\ProgramData\Oracle\Java\javapath;C:\Windows\system32;C:\Windows;C:\Windows\System32\Wbem;C:\Windows\System32\WindowsPowerShell\v1.0\;C:\Program Files\QuickTime\QTSystem\;C:\Program Files\nodejs\;C:\Program Files\Brackets\command;C:\Program Files\GtkSharp\2.12\bin;C:\xampp\php;C:\ProgramData\ComposerSetup\bin;C:\Users\kimo only\AppData\Local\Programs\Python\Python37-32;C:\Tcl\bin;C:\Users\kimo only\AppData\Roaming\Composer\vendor\bin;K:\Programs\Microsoft VS Code\bin;C:\Program Files\Common Files\Oracle\Java\javapath;C:\Python27\;C:\Python27\Scripts;C:\Windows\system32 ; C:\Windows;C:\ProgramData\Oracle\Java\javapath;C:\Windows\system32;C:\Windows;C:\Windows\System32\Wbem;C:\Windows\System32\WindowsPowerShell\v1.0\;C:\Program Files\QuickTime\QTSystem\;C:\Program Files\nodejs\;C:\Program Files\Brackets\command;C:\Program Files\GtkSharp\2.12\bin;C:\xampp\php;C:\ProgramData\ComposerSetup\bin;C:\Users\kimo only\AppData\Local\Programs\Python\Python37-32;K:\Programs\eclipse-4-4-2-luna-32-bit-en-win\eclipse;
USERNAME=kimo only
OS=Windows_NT
PROCESSOR_IDENTIFIER=x86 Family 6 Model 42 Stepping 7, GenuineIntel



---------------  S Y S T E M  ---------------

OS: Windows 7 Build 7601 (6.1.7601.24168)

CPU:total 4 (initial active 4) (2 cores per cpu, 2 threads per core) family 6 model 42 stepping 7, cmov, cx8, fxsr, mmx, sse, sse2, sse3, ssse3, sse4.1, sse4.2, popcnt, avx, clmul, ht, tsc, tscinvbit

Memory: 4k page, physical 1982196k(286532k free), swap 3964392k(907072k free)

vm_info: Java HotSpot(TM) Client VM (25.201-b09) for windows-x86 JRE (1.8.0_201-b09), built on Dec 16 2018 00:13:48 by "java_re" with MS VC++ 10.0 (VS2010)

time: Sun May 12 22:35:24 2019
timezone: Egypt Standard Time
elapsed time: 3224 seconds (0d 0h 53m 44s)

