#
# A fatal error has been detected by the Java Runtime Environment:
#
#  EXCEPTION_ACCESS_VIOLATION (0xc0000005) at pc=0x6019e512, pid=5676, tid=0x00001728
#
# JRE version: Java(TM) SE Runtime Environment (8.0_201-b09) (build 1.8.0_201-b09)
# Java VM: Java HotSpot(TM) Client VM (25.201-b09 mixed mode windows-x86 )
# Problematic frame:
# V  [jvm.dll+0xce512]
#
# Failed to write core dump. Minidumps are not enabled by default on client versions of Windows
#
# If you would like to submit a bug report, please visit:
#   http://bugreport.java.com/bugreport/crash.jsp
#

---------------  T H R E A D  ---------------

Current thread (0x1425b000):  VMThread [stack: 0x141a0000,0x141f0000] [id=5928]

siginfo: ExceptionCode=0xc0000005, reading address 0x8698ae20

Registers:
EAX=0x13e3caf0, EBX=0x00000001, ECX=0x00010000, EDX=0x8698adfc
ESP=0x141ef8e0, EBP=0x141ef8e8, ESI=0x13e35b30, EDI=0x01c36908
EIP=0x6019e512, EFLAGS=0x00010206

Top of Stack: (sp=0x141ef8e0)
0x141ef8e0:   14376048 60119550 141ef8f4 6011955f
0x141ef8f0:   00000001 141ef95c 60136aee 13e35b30
0x141ef900:   01312ae8 01c36908 60119570 00000000
0x141ef910:   01c36bca 01c36c00 01c36908 01c37696
0x141ef920:   14380005 01c36bc6 77000000 01c36c00
0x141ef930:   01c36c00 01c375b0 01c36c00 01c375b0
0x141ef940:   01c376e4 6039af98 141ef90c 00000000
0x141ef950:   00000000 01312ae8 01c36908 141ef968 

Instructions: (pc=0x6019e512)
0x6019e4f2:   ff ff 5e 5d c3 cc cc cc cc cc cc cc cc cc 55 8b
0x6019e502:   ec 53 8b 5d 08 56 8b f1 8b 46 04 8b 48 08 8b 11
0x6019e512:   8b 42 24 53 ff d0 8d 4e 10 68 00 00 08 00 84 db
0x6019e522:   74 26 e8 f7 66 0d 00 84 c0 74 17 8b 0d a8 60 43 


Register to memory mapping:

EAX=0x13e3caf0 is pointing into metadata
EBX=0x00000001 is an unknown value
ECX=0x00010000 is an unknown value
EDX=0x8698adfc is an unknown value
ESP=0x141ef8e0 is an unknown value
EBP=0x141ef8e8 is an unknown value
ESI={method} {0x13e35b34} '
[error occurred during error reporting (printing register info), id 0xc0000005]

Stack: [0x141a0000,0x141f0000],  sp=0x141ef8e0,  free space=318k
Native frames: (J=compiled Java code, j=interpreted, Vv=VM code, C=native code)
V  [jvm.dll+0xce512]
V  [jvm.dll+0x4955f]
V  [jvm.dll+0x66aee]
V  [jvm.dll+0x49580]
V  [jvm.dll+0x5fe83]
V  [jvm.dll+0x495b3]
V  [jvm.dll+0x12b578]
V  [jvm.dll+0x184e7b]
V  [jvm.dll+0x184291]
V  [jvm.dll+0x1846a7]
V  [jvm.dll+0x1848a2]
V  [jvm.dll+0x1c6a76]
C  [msvcr100.dll+0x5c556]
C  [msvcr100.dll+0x5c600]
C  [kernel32.dll+0x4efac]
C  [ntdll.dll+0x63628]
C  [ntdll.dll+0x635fb]

VM_Operation (0x1410f844): RedefineClasses, mode: safepoint, requested by thread 0x142af800


---------------  P R O C E S S  ---------------

Java Threads: ( => current thread )
  0x142dd000 JavaThread "Service Thread" daemon [_thread_blocked, id=5700, stack(0x14750000,0x147a0000)]
  0x142bf400 JavaThread "C1 CompilerThread0" daemon [_thread_blocked, id=732, stack(0x017f0000,0x01840000)]
  0x142b3000 JavaThread "JDWP Command Reader" daemon [_thread_in_native, id=3432, stack(0x00580000,0x005d0000)]
  0x142b1000 JavaThread "JDWP Event Helper Thread" daemon [_thread_blocked, id=5536, stack(0x14900000,0x14950000)]
  0x142af800 JavaThread "JDWP Transport Listener: dt_socket" daemon [_thread_blocked, id=4952, stack(0x140c0000,0x14110000)]
  0x142a1000 JavaThread "Attach Listener" daemon [_thread_blocked, id=3140, stack(0x145f0000,0x14640000)]
  0x1429e000 JavaThread "Signal Dispatcher" daemon [_thread_blocked, id=2372, stack(0x03b90000,0x03be0000)]
  0x14289400 JavaThread "Finalizer" daemon [_thread_blocked, id=5036, stack(0x14150000,0x141a0000)]
  0x14263c00 JavaThread "Reference Handler" daemon [_thread_blocked, id=1624, stack(0x14060000,0x140b0000)]
  0x0131d400 JavaThread "main" [_thread_blocked, id=2728, stack(0x017a0000,0x017f0000)]

Other Threads:
=>0x1425b000 VMThread [stack: 0x141a0000,0x141f0000] [id=5928]
  0x142e8400 WatcherThread [stack: 0x14a80000,0x14ad0000] [id=5320]

VM state:at safepoint (normal execution)

VM Mutex/Monitor currently owned by a thread:  ([mutex/lock_event])
[0x0131b870] Threads_lock - owner thread: 0x1425b000

Heap:
 def new generation   total 15808K, used 5217K [0x03c00000, 0x04d20000, 0x09150000)
  eden space 14080K,  37% used [0x03c00000, 0x04118570, 0x049c0000)
  from space 1728K,   0% used [0x049c0000, 0x049c0000, 0x04b70000)
  to   space 1728K,   0% used [0x04b70000, 0x04b70000, 0x04d20000)
 tenured generation   total 35028K, used 21015K [0x09150000, 0x0b385000, 0x13c00000)
   the space 35028K,  59% used [0x09150000, 0x0a5d5fd0, 0x0a5d6000, 0x0b385000)
 Metaspace       used 2733K, capacity 3112K, committed 3136K, reserved 4480K

Card table byte_map: [0x01710000,0x017a0000] byte_map_base: 0x016f2000

Polling page: 0x00120000

CodeCache: size=32768Kb used=819Kb max_used=819Kb free=31949Kb
 bounds [0x01b70000, 0x01c40000, 0x03b70000]
 total_blobs=245 nmethods=107 adapters=77
 compilation: enabled

Compilation events (10 events):
Event: 0.688 Thread 0x142bf400  103             eg.edu.alexu.csd.filestructure.btree.TreeNode::setNumOfKeys (6 bytes)
Event: 0.688 Thread 0x142bf400 nmethod 103 0x01c3bb48 code [0x01c3bc40, 0x01c3bcc0]
Event: 0.689 Thread 0x142bf400  104             java.nio.charset.CoderResult::isUnderflow (13 bytes)
Event: 0.689 Thread 0x142bf400 nmethod 104 0x01c3bd08 code [0x01c3be00, 0x01c3be90]
Event: 0.689 Thread 0x142bf400  105             java.io.BufferedWriter::ensureOpen (18 bytes)
Event: 0.689 Thread 0x142bf400 nmethod 105 0x01c3bec8 code [0x01c3bfd0, 0x01c3c0cc]
Event: 0.689 Thread 0x142bf400  106             java.io.PrintStream::ensureOpen (18 bytes)
Event: 0.689 Thread 0x142bf400 nmethod 106 0x01c3c188 code [0x01c3c290, 0x01c3c38c]
Event: 0.689 Thread 0x142bf400  107   !         java.io.BufferedWriter::write (117 bytes)
Event: 0.690 Thread 0x142bf400 nmethod 107 0x01c3c448 code [0x01c3c580, 0x01c3c8d4]

GC Heap History (10 events):
Event: 0.393 GC heap before
{Heap before GC invocations=2 (full 0):
 def new generation   total 4928K, used 4928K [0x03c00000, 0x04150000, 0x09150000)
  eden space 4416K, 100% used [0x03c00000, 0x04050000, 0x04050000)
  from space 512K, 100% used [0x04050000, 0x040d0000, 0x040d0000)
  to   space 512K,   0% used [0x040d0000, 0x040d0000, 0x04150000)
 tenured generation   total 10944K, used 4431K [0x09150000, 0x09c00000, 0x13c00000)
   the space 10944K,  40% used [0x09150000, 0x095a3eb8, 0x095a4000, 0x09c00000)
 Metaspace       used 1899K, capacity 2312K, committed 2368K, reserved 4480K
Event: 0.402 GC heap after
Heap after GC invocations=3 (full 0):
 def new generation   total 4928K, used 511K [0x03c00000, 0x04150000, 0x09150000)
  eden space 4416K,   0% used [0x03c00000, 0x03c00000, 0x04050000)
  from space 512K,  99% used [0x040d0000, 0x0414fff8, 0x04150000)
  to   space 512K,   0% used [0x04050000, 0x04050000, 0x040d0000)
 tenured generation   total 10944K, used 7018K [0x09150000, 0x09c00000, 0x13c00000)
   the space 10944K,  64% used [0x09150000, 0x0982ab70, 0x0982ac00, 0x09c00000)
 Metaspace       used 1899K, capacity 2312K, committed 2368K, reserved 4480K
}
Event: 0.423 GC heap before
{Heap before GC invocations=3 (full 0):
 def new generation   total 4928K, used 4927K [0x03c00000, 0x04150000, 0x09150000)
  eden space 4416K, 100% used [0x03c00000, 0x04050000, 0x04050000)
  from space 512K,  99% used [0x040d0000, 0x0414fff8, 0x04150000)
  to   space 512K,   0% used [0x04050000, 0x04050000, 0x040d0000)
 tenured generation   total 10944K, used 7018K [0x09150000, 0x09c00000, 0x13c00000)
   the space 10944K,  64% used [0x09150000, 0x0982ab70, 0x0982ac00, 0x09c00000)
 Metaspace       used 1899K, capacity 2312K, committed 2368K, reserved 4480K
Event: 0.432 GC heap after
Heap after GC invocations=4 (full 0):
 def new generation   total 4928K, used 512K [0x03c00000, 0x04150000, 0x09150000)
  eden space 4416K,   0% used [0x03c00000, 0x03c00000, 0x04050000)
  from space 512K, 100% used [0x04050000, 0x040d0000, 0x040d0000)
  to   space 512K,   0% used [0x040d0000, 0x040d0000, 0x04150000)
 tenured generation   total 10944K, used 9579K [0x09150000, 0x09c00000, 0x13c00000)
   the space 10944K,  87% used [0x09150000, 0x09aaadb8, 0x09aaae00, 0x09c00000)
 Metaspace       used 1899K, capacity 2312K, committed 2368K, reserved 4480K
}
Event: 0.454 GC heap before
{Heap before GC invocations=4 (full 0):
 def new generation   total 4928K, used 4928K [0x03c00000, 0x04150000, 0x09150000)
  eden space 4416K, 100% used [0x03c00000, 0x04050000, 0x04050000)
  from space 512K, 100% used [0x04050000, 0x040d0000, 0x040d0000)
  to   space 512K,   0% used [0x040d0000, 0x040d0000, 0x04150000)
 tenured generation   total 10944K, used 9579K [0x09150000, 0x09c00000, 0x13c00000)
   the space 10944K,  87% used [0x09150000, 0x09aaadb8, 0x09aaae00, 0x09c00000)
 Metaspace       used 1899K, capacity 2312K, committed 2368K, reserved 4480K
Event: 0.486 GC heap after
Heap after GC invocations=5 (full 1):
 def new generation   total 9216K, used 482K [0x03c00000, 0x04600000, 0x09150000)
  eden space 8192K,   5% used [0x03c00000, 0x03c78918, 0x04400000)
  from space 1024K,   0% used [0x04400000, 0x04400000, 0x04500000)
  to   space 1024K,   0% used [0x04500000, 0x04500000, 0x04600000)
 tenured generation   total 20376K, used 12223K [0x09150000, 0x0a536000, 0x13c00000)
   the space 20376K,  59% used [0x09150000, 0x09d3fff0, 0x09d40000, 0x0a536000)
 Metaspace       used 1899K, capacity 2312K, committed 2368K, reserved 4480K
}
Event: 0.527 GC heap before
{Heap before GC invocations=5 (full 1):
 def new generation   total 9216K, used 8192K [0x03c00000, 0x04600000, 0x09150000)
  eden space 8192K, 100% used [0x03c00000, 0x04400000, 0x04400000)
  from space 1024K,   0% used [0x04400000, 0x04400000, 0x04500000)
  to   space 1024K,   0% used [0x04500000, 0x04500000, 0x04600000)
 tenured generation   total 20376K, used 12223K [0x09150000, 0x0a536000, 0x13c00000)
   the space 20376K,  59% used [0x09150000, 0x09d3fff0, 0x09d40000, 0x0a536000)
 Metaspace       used 1899K, capacity 2312K, committed 2368K, reserved 4480K
Event: 0.548 GC heap after
Heap after GC invocations=6 (full 1):
 def new generation   total 9216K, used 1024K [0x03c00000, 0x04600000, 0x09150000)
  eden space 8192K,   0% used [0x03c00000, 0x03c00000, 0x04400000)
  from space 1024K, 100% used [0x04500000, 0x04600000, 0x04600000)
  to   space 1024K,   0% used [0x04400000, 0x04400000, 0x04500000)
 tenured generation   total 20376K, used 16153K [0x09150000, 0x0a536000, 0x13c00000)
   the space 20376K,  79% used [0x09150000, 0x0a116718, 0x0a116800, 0x0a536000)
 Metaspace       used 1899K, capacity 2312K, committed 2368K, reserved 4480K
}
Event: 0.590 GC heap before
{Heap before GC invocations=6 (full 1):
 def new generation   total 9216K, used 9216K [0x03c00000, 0x04600000, 0x09150000)
  eden space 8192K, 100% used [0x03c00000, 0x04400000, 0x04400000)
  from space 1024K, 100% used [0x04500000, 0x04600000, 0x04600000)
  to   space 1024K,   0% used [0x04400000, 0x04400000, 0x04500000)
 tenured generation   total 20376K, used 16153K [0x09150000, 0x0a536000, 0x13c00000)
   the space 20376K,  79% used [0x09150000, 0x0a116718, 0x0a116800, 0x0a536000)
 Metaspace       used 1899K, capacity 2312K, committed 2368K, reserved 4480K
Event: 0.650 GC heap after
Heap after GC invocations=7 (full 2):
 def new generation   total 15808K, used 913K [0x03c00000, 0x04d20000, 0x09150000)
  eden space 14080K,   6% used [0x03c00000, 0x03ce44c0, 0x049c0000)
  from space 1728K,   0% used [0x049c0000, 0x049c0000, 0x04b70000)
  to   space 1728K,   0% used [0x04b70000, 0x04b70000, 0x04d20000)
 tenured generation   total 35028K, used 21015K [0x09150000, 0x0b385000, 0x13c00000)
   the space 35028K,  59% used [0x09150000, 0x0a5d5fd0, 0x0a5d6000, 0x0b385000)
 Metaspace       used 1899K, capacity 2312K, committed 2368K, reserved 4480K
}

Deoptimization events (0 events):
No events

Classes redefined (10 events):
Event: 7719.092 Thread 0x1425b000 redefined class name=eg.edu.alexu.csd.filestructure.btree.tester, count=22
Event: 8172.577 Thread 0x1425b000 redefined class name=eg.edu.alexu.csd.filestructure.btree.Tree, count=29
Event: 8248.737 Thread 0x1425b000 redefined class name=eg.edu.alexu.csd.filestructure.btree.Tree, count=30
Event: 8937.969 Thread 0x1425b000 redefined class name=eg.edu.alexu.csd.filestructure.btree.Tree, count=31
Event: 9230.210 Thread 0x1425b000 redefined class name=eg.edu.alexu.csd.filestructure.btree.Tree, count=32
Event: 9365.377 Thread 0x1425b000 redefined class name=eg.edu.alexu.csd.filestructure.btree.Tree, count=33
Event: 9454.431 Thread 0x1425b000 redefined class name=eg.edu.alexu.csd.filestructure.btree.Tree, count=34
Event: 9585.664 Thread 0x1425b000 redefined class name=eg.edu.alexu.csd.filestructure.btree.Tree, count=35
Event: 9596.465 Thread 0x1425b000 redefined class name=eg.edu.alexu.csd.filestructure.btree.Tree, count=36
Event: 9717.383 Thread 0x1425b000 redefined class name=eg.edu.alexu.csd.filestructure.btree.Tree, count=37

Internal exceptions (6 events):
Event: 0.053 Thread 0x0131d400 Exception <a 'java/lang/NoSuchMethodError': Method sun.misc.Unsafe.defineClass(Ljava/lang/String;[BII)Ljava/lang/Class; name or signature does not match> (0x03c06ea8) thrown at [C:\re\workspace\8-2-build-windows-i586-cygwin\jdk8u201\12322\hotspot\src\shar
Event: 0.053 Thread 0x0131d400 Exception <a 'java/lang/NoSuchMethodError': Method sun.misc.Unsafe.prefetchRead(Ljava/lang/Object;J)V name or signature does not match> (0x03c07178) thrown at [C:\re\workspace\8-2-build-windows-i586-cygwin\jdk8u201\12322\hotspot\src\share\vm\prims\jni.cpp
Event: 0.263 Thread 0x0131d400 Exception <a 'java/security/PrivilegedActionException'> (0x03cb9df0) thrown at [C:\re\workspace\8-2-build-windows-i586-cygwin\jdk8u201\12322\hotspot\src\share\vm\prims\jvm.cpp, line 1502]
Event: 0.264 Thread 0x0131d400 Exception <a 'java/security/PrivilegedActionException'> (0x03cb9ff0) thrown at [C:\re\workspace\8-2-build-windows-i586-cygwin\jdk8u201\12322\hotspot\src\share\vm\prims\jvm.cpp, line 1502]
Event: 0.264 Thread 0x0131d400 Exception <a 'java/security/PrivilegedActionException'> (0x03cbd7f8) thrown at [C:\re\workspace\8-2-build-windows-i586-cygwin\jdk8u201\12322\hotspot\src\share\vm\prims\jvm.cpp, line 1502]
Event: 0.264 Thread 0x0131d400 Exception <a 'java/security/PrivilegedActionException'> (0x03cbd9f8) thrown at [C:\re\workspace\8-2-build-windows-i586-cygwin\jdk8u201\12322\hotspot\src\share\vm\prims\jvm.cpp, line 1502]

Events (10 events):
Event: 9772.040 Executing VM operation: GetOwnedMonitorInfo done
Event: 9773.523 Executing VM operation: GetCurrentContendedMonitor
Event: 9773.523 Executing VM operation: GetCurrentContendedMonitor done
Event: 9773.523 Executing VM operation: GetOwnedMonitorInfo
Event: 9773.523 Executing VM operation: GetOwnedMonitorInfo done
Event: 9773.540 Executing VM operation: GetCurrentContendedMonitor
Event: 9773.540 Executing VM operation: GetCurrentContendedMonitor done
Event: 9773.540 Executing VM operation: GetOwnedMonitorInfo
Event: 9773.540 Executing VM operation: GetOwnedMonitorInfo done
Event: 9802.885 Executing VM operation: RedefineClasses


Dynamic libraries:
0x002a0000 - 0x002d3000 	C:\Program Files\Java\jre1.8.0_201\bin\javaw.exe
0x77370000 - 0x774b2000 	C:\Windows\SYSTEM32\ntdll.dll
0x774e0000 - 0x775b5000 	C:\Windows\system32\kernel32.dll
0x75490000 - 0x754db000 	C:\Windows\system32\KERNELBASE.dll
0x759c0000 - 0x75a61000 	C:\Windows\system32\ADVAPI32.dll
0x77260000 - 0x7730c000 	C:\Windows\system32\msvcrt.dll
0x75840000 - 0x75859000 	C:\Windows\SYSTEM32\sechost.dll
0x76e20000 - 0x76ec2000 	C:\Windows\system32\RPCRT4.dll
0x76f50000 - 0x77019000 	C:\Windows\system32\USER32.dll
0x76c60000 - 0x76cae000 	C:\Windows\system32\GDI32.dll
0x774c0000 - 0x774ca000 	C:\Windows\system32\LPK.dll
0x77160000 - 0x771fd000 	C:\Windows\system32\USP10.dll
0x74060000 - 0x741fe000 	C:\Windows\WinSxS\x86_microsoft.windows.common-controls_6595b64144ccf1df_6.0.7601.18837_none_41e855142bd5705d\COMCTL32.dll
0x77200000 - 0x77257000 	C:\Windows\system32\SHLWAPI.dll
0x77350000 - 0x7736f000 	C:\Windows\system32\IMM32.DLL
0x75a70000 - 0x75b3d000 	C:\Windows\system32\MSCTF.dll
0x70f00000 - 0x70fbf000 	C:\Program Files\Java\jre1.8.0_201\bin\msvcr100.dll
0x600d0000 - 0x604a5000 	C:\Program Files\Java\jre1.8.0_201\bin\client\jvm.dll
0x724b0000 - 0x724b7000 	C:\Windows\system32\WSOCK32.dll
0x77310000 - 0x77345000 	C:\Windows\system32\WS2_32.dll
0x774d0000 - 0x774d6000 	C:\Windows\system32\NSI.dll
0x73880000 - 0x738b2000 	C:\Windows\system32\WINMM.dll
0x747d0000 - 0x747d9000 	C:\Windows\system32\VERSION.dll
0x76e10000 - 0x76e15000 	C:\Windows\system32\PSAPI.DLL
0x73180000 - 0x7318c000 	C:\Program Files\Java\jre1.8.0_201\bin\verify.dll
0x72990000 - 0x729b1000 	C:\Program Files\Java\jre1.8.0_201\bin\java.dll
0x71bb0000 - 0x71bdb000 	C:\Program Files\Java\jre1.8.0_201\bin\jdwp.dll
0x746b0000 - 0x746b7000 	C:\Program Files\Java\jre1.8.0_201\bin\npt.dll
0x729d0000 - 0x729e4000 	C:\Program Files\Java\jre1.8.0_201\bin\zip.dll
0x76010000 - 0x76c5c000 	C:\Windows\system32\SHELL32.dll
0x75860000 - 0x759bd000 	C:\Windows\system32\ole32.dll
0x75340000 - 0x7534b000 	C:\Windows\system32\profapi.dll
0x72a40000 - 0x72a48000 	C:\Program Files\Java\jre1.8.0_201\bin\dt_socket.dll
0x74020000 - 0x74030000 	C:\Windows\system32\NLAapi.dll
0x71490000 - 0x714a0000 	C:\Windows\system32\napinsp.dll
0x70d10000 - 0x70d22000 	C:\Windows\system32\pnrpnsp.dll
0x74d00000 - 0x74d3c000 	C:\Windows\System32\mswsock.dll
0x74bc0000 - 0x74c04000 	C:\Windows\system32\DNSAPI.dll
0x713e0000 - 0x713e8000 	C:\Windows\System32\winrnr.dll
0x70d00000 - 0x70d0d000 	C:\Windows\system32\wshbth.dll
0x736d0000 - 0x736ec000 	C:\Windows\system32\IPHLPAPI.DLL
0x736c0000 - 0x736c7000 	C:\Windows\system32\WINNSI.DLL
0x732c0000 - 0x732f8000 	C:\Windows\System32\fwpuclnt.dll
0x6bb50000 - 0x6bb56000 	C:\Windows\system32\rasadhlp.dll
0x74860000 - 0x74865000 	C:\Windows\System32\wshtcpip.dll
0x6cb10000 - 0x6cbfb000 	C:\Windows\system32\dbghelp.dll

VM Arguments:
jvm_args: -agentlib:jdwp=transport=dt_socket,suspend=y,address=localhost:50898 -Dfile.encoding=Cp1256 
java_command: eg.edu.alexu.csd.filestructure.btree.tester
java_class_path (initial): K:\Works\Java\BTree\bin;K:\Programs\eclipse-4-4-2-luna-32-bit-en-win\eclipse\plugins\org.junit_4.11.0.v201303080030\junit.jar;K:\Programs\eclipse-4-4-2-luna-32-bit-en-win\eclipse\plugins\org.hamcrest.core_1.3.0.v201303031735.jar
Launcher Type: SUN_STANDARD

Environment Variables:
CLASSPATH=.;C:\Program Files\Java\jre1.8.0_102\lib\ext\QTJava.zip
PATH=C:/Program Files/Java/jre1.8.0_201/bin/client;C:/Program Files/Java/jre1.8.0_201/bin;C:/Program Files/Java/jre1.8.0_201/lib/i386;C:\Program Files\Common Files\Oracle\Java\javapath;C:\Python27\;C:\Python27\Scripts;C:\Windows\system32 ; C:\Windows;C:\ProgramData\Oracle\Java\javapath;C:\Windows\system32;C:\Windows;C:\Windows\System32\Wbem;C:\Windows\System32\WindowsPowerShell\v1.0\;C:\Program Files\QuickTime\QTSystem\;C:\Program Files\nodejs\;C:\Program Files\Brackets\command;C:\Program Files\GtkSharp\2.12\bin;C:\xampp\php;C:\ProgramData\ComposerSetup\bin;C:\Users\kimo only\AppData\Local\Programs\Python\Python37-32;C:\Tcl\bin;C:\Users\kimo only\AppData\Roaming\Composer\vendor\bin;K:\Programs\Microsoft VS Code\bin;C:\Program Files\Common Files\Oracle\Java\javapath;C:\Python27\;C:\Python27\Scripts;C:\Windows\system32 ; C:\Windows;C:\ProgramData\Oracle\Java\javapath;C:\Windows\system32;C:\Windows;C:\Windows\System32\Wbem;C:\Windows\System32\WindowsPowerShell\v1.0\;C:\Program Files\QuickTime\QTSystem\;C:\Program Files\nodejs\;C:\Program Files\Brackets\command;C:\Program Files\GtkSharp\2.12\bin;C:\xampp\php;C:\ProgramData\ComposerSetup\bin;C:\Users\kimo only\AppData\Local\Programs\Python\Python37-32;K:\Programs\eclipse-4-4-2-luna-32-bit-en-win\eclipse;
USERNAME=kimo only
OS=Windows_NT
PROCESSOR_IDENTIFIER=x86 Family 6 Model 42 Stepping 7, GenuineIntel



---------------  S Y S T E M  ---------------

OS: Windows 7 Build 7601 (6.1.7601.24168)

CPU:total 4 (initial active 4) (2 cores per cpu, 2 threads per core) family 6 model 42 stepping 7, cmov, cx8, fxsr, mmx, sse, sse2, sse3, ssse3, sse4.1, sse4.2, popcnt, avx, clmul, ht, tsc, tscinvbit

Memory: 4k page, physical 1982196k(278100k free), swap 3964392k(845184k free)

vm_info: Java HotSpot(TM) Client VM (25.201-b09) for windows-x86 JRE (1.8.0_201-b09), built on Dec 16 2018 00:13:48 by "java_re" with MS VC++ 10.0 (VS2010)

time: Sun May 12 22:35:24 2019
timezone: Egypt Standard Time
elapsed time: 9803 seconds (0d 2h 43m 23s)

