#
# A fatal error has been detected by the Java Runtime Environment:
#
#  EXCEPTION_ACCESS_VIOLATION (0xc0000005) at pc=0x601f30db, pid=4436, tid=0x000004bc
#
# JRE version: Java(TM) SE Runtime Environment (8.0_201-b09) (build 1.8.0_201-b09)
# Java VM: Java HotSpot(TM) Client VM (25.201-b09 mixed mode windows-x86 )
# Problematic frame:
# V  [jvm.dll+0x1230db]
#
# Failed to write core dump. Minidumps are not enabled by default on client versions of Windows
#
# If you would like to submit a bug report, please visit:
#   http://bugreport.java.com/bugreport/crash.jsp
#

---------------  T H R E A D  ---------------

Current thread (0x1425b000):  VMThread [stack: 0x017a0000,0x017f0000] [id=1212]

siginfo: ExceptionCode=0xc0000005, reading address 0x0000002c

Registers:
EAX=0x0000000b, EBX=0x13e35bd0, ECX=0x00000000, EDX=0x13e34fc0
ESP=0x017ef8b4, EBP=0x017ef8ec, ESI=0x00000000, EDI=0x1432f828
EIP=0x601f30db, EFLAGS=0x00010202

Top of Stack: (sp=0x017ef8b4)
0x017ef8b4:   146cf3e4 142e45f8 142ad138 017ef8f4
0x017ef8c4:   601f2f9c 142b38c0 142ba4f8 146cf3e4
0x017ef8d4:   146cf3e4 142e45f8 142e6c90 1432f828
0x017ef8e4:   01658799 13e44560 017ef90c 601f3d8b
0x017ef8f4:   6019fdd0 00000000 146cf3a8 01686358
0x017ef904:   016f4f48 142b38c0 017ef93c 601f3dc4
0x017ef914:   146cf3e4 60254e7b 146cf3a8 01686358
0x017ef924:   00000000 60220090 00000001 016f4f50 

Instructions: (pc=0x601f30db)
0x601f30bb:   48 0f 88 26 01 00 00 8d 54 82 04 8b 1a f6 43 1b
0x601f30cb:   10 74 26 8b 4b 04 0f b7 71 1a 8b 49 08 8b 7d f4
0x601f30db:   39 7c b1 2c 75 13 8b 4b 04 0f b7 71 1c 8b 49 08
0x601f30eb:   8b 7d f0 39 7c b1 2c 74 0b 83 ea 04 48 79 cc e9 


Register to memory mapping:

EAX=0x0000000b is an unknown value
EBX={method} {0x13e35bd4} 
[error occurred during error reporting (printing register info), id 0xc0000005]

Stack: [0x017a0000,0x017f0000],  sp=0x017ef8b4,  free space=318k
Native frames: (J=compiled Java code, j=interpreted, Vv=VM code, C=native code)
V  [jvm.dll+0x1230db]
V  [jvm.dll+0x123d8b]
V  [jvm.dll+0x123dc4]
V  [jvm.dll+0x184291]
V  [jvm.dll+0x1846a7]
V  [jvm.dll+0x1848a2]
V  [jvm.dll+0x1c6a76]
C  [msvcr100.dll+0x5c556]
C  [msvcr100.dll+0x5c600]
C  [kernel32.dll+0x4efac]
C  [ntdll.dll+0x63628]
C  [ntdll.dll+0x635fb]

VM_Operation (0x146cf3a8): ChangeBreakpoints, mode: safepoint, requested by thread 0x142af800


---------------  P R O C E S S  ---------------

Java Threads: ( => current thread )
  0x142e5c00 JavaThread "Service Thread" daemon [_thread_blocked, id=5540, stack(0x14a70000,0x14ac0000)]
  0x142bd000 JavaThread "C1 CompilerThread0" daemon [_thread_blocked, id=5192, stack(0x14a20000,0x14a70000)]
  0x142b4000 JavaThread "JDWP Command Reader" daemon [_thread_in_native, id=1024, stack(0x14940000,0x14990000)]
  0x142b1400 JavaThread "JDWP Event Helper Thread" daemon [_thread_blocked, id=3648, stack(0x146d0000,0x14720000)]
  0x142af800 JavaThread "JDWP Transport Listener: dt_socket" daemon [_thread_blocked, id=5884, stack(0x14680000,0x146d0000)]
  0x142a1000 JavaThread "Attach Listener" daemon [_thread_blocked, id=1516, stack(0x144d0000,0x14520000)]
  0x1429e000 JavaThread "Signal Dispatcher" daemon [_thread_blocked, id=6136, stack(0x14440000,0x14490000)]
  0x14289400 JavaThread "Finalizer" daemon [_thread_blocked, id=3444, stack(0x140a0000,0x140f0000)]
  0x14263c00 JavaThread "Reference Handler" daemon [_thread_blocked, id=4416, stack(0x141a0000,0x141f0000)]
  0x0165d400 JavaThread "main" [_thread_blocked, id=4756, stack(0x01810000,0x01860000)]

Other Threads:
=>0x1425b000 VMThread [stack: 0x017a0000,0x017f0000] [id=1212]
  0x142f1000 WatcherThread [stack: 0x14af0000,0x14b40000] [id=5796]

VM state:at safepoint (normal execution)

VM Mutex/Monitor currently owned by a thread:  ([mutex/lock_event])
[0x0165b870] Threads_lock - owner thread: 0x1425b000

Heap:
 def new generation   total 15808K, used 5354K [0x03c00000, 0x04d20000, 0x09150000)
  eden space 14080K,  38% used [0x03c00000, 0x0413abb8, 0x049c0000)
  from space 1728K,   0% used [0x049c0000, 0x049c0000, 0x04b70000)
  to   space 1728K,   0% used [0x04b70000, 0x04b70000, 0x04d20000)
 tenured generation   total 35028K, used 21015K [0x09150000, 0x0b385000, 0x13c00000)
   the space 35028K,  59% used [0x09150000, 0x0a5d5fd0, 0x0a5d6000, 0x0b385000)
 Metaspace       used 2432K, capacity 2824K, committed 2880K, reserved 4480K

Card table byte_map: [0x014f0000,0x01580000] byte_map_base: 0x014d2000

Polling page: 0x00270000

CodeCache: size=32768Kb used=915Kb max_used=915Kb free=31852Kb
 bounds [0x01b30000, 0x01c18000, 0x03b30000]
 total_blobs=287 nmethods=149 adapters=77
 compilation: enabled

Compilation events (10 events):
Event: 0.744 Thread 0x142bd000  145             java.lang.String::indexOf (7 bytes)
Event: 0.744 Thread 0x142bd000 nmethod 145 0x01c12fc8 code [0x01c130c0, 0x01c1316c]
Event: 0.754 Thread 0x142bd000  146   !         java.io.PrintStream::write (83 bytes)
Event: 0.754 Thread 0x142bd000 nmethod 146 0x01c131c8 code [0x01c13340, 0x01c13744]
Event: 0.754 Thread 0x142bd000  147   !         java.io.PrintStream::newLine (73 bytes)
Event: 0.755 Thread 0x142bd000 nmethod 147 0x01c13cc8 code [0x01c13e30, 0x01c14208]
Event: 0.755 Thread 0x142bd000  148             java.io.BufferedWriter::newLine (9 bytes)
Event: 0.755 Thread 0x142bd000 nmethod 148 0x01c14748 code [0x01c14850, 0x01c1490c]
Event: 0.755 Thread 0x142bd000  149             java.util.HashMap$HashIterator::nextNode (100 bytes)
Event: 0.755 Thread 0x142bd000 nmethod 149 0x01c14a08 code [0x01c14b40, 0x01c14d18]

GC Heap History (10 events):
Event: 0.390 GC heap before
{Heap before GC invocations=2 (full 0):
 def new generation   total 4928K, used 4928K [0x03c00000, 0x04150000, 0x09150000)
  eden space 4416K, 100% used [0x03c00000, 0x04050000, 0x04050000)
  from space 512K, 100% used [0x04050000, 0x040d0000, 0x040d0000)
  to   space 512K,   0% used [0x040d0000, 0x040d0000, 0x04150000)
 tenured generation   total 10944K, used 4422K [0x09150000, 0x09c00000, 0x13c00000)
   the space 10944K,  40% used [0x09150000, 0x095a1b90, 0x095a1c00, 0x09c00000)
 Metaspace       used 1899K, capacity 2312K, committed 2368K, reserved 4480K
Event: 0.401 GC heap after
Heap after GC invocations=3 (full 0):
 def new generation   total 4928K, used 512K [0x03c00000, 0x04150000, 0x09150000)
  eden space 4416K,   0% used [0x03c00000, 0x03c00000, 0x04050000)
  from space 512K, 100% used [0x040d0000, 0x04150000, 0x04150000)
  to   space 512K,   0% used [0x04050000, 0x04050000, 0x040d0000)
 tenured generation   total 10944K, used 7009K [0x09150000, 0x09c00000, 0x13c00000)
   the space 10944K,  64% used [0x09150000, 0x098287a0, 0x09828800, 0x09c00000)
 Metaspace       used 1899K, capacity 2312K, committed 2368K, reserved 4480K
}
Event: 0.423 GC heap before
{Heap before GC invocations=3 (full 0):
 def new generation   total 4928K, used 4928K [0x03c00000, 0x04150000, 0x09150000)
  eden space 4416K, 100% used [0x03c00000, 0x04050000, 0x04050000)
  from space 512K, 100% used [0x040d0000, 0x04150000, 0x04150000)
  to   space 512K,   0% used [0x04050000, 0x04050000, 0x040d0000)
 tenured generation   total 10944K, used 7009K [0x09150000, 0x09c00000, 0x13c00000)
   the space 10944K,  64% used [0x09150000, 0x098287a0, 0x09828800, 0x09c00000)
 Metaspace       used 1899K, capacity 2312K, committed 2368K, reserved 4480K
Event: 0.433 GC heap after
Heap after GC invocations=4 (full 0):
 def new generation   total 4928K, used 511K [0x03c00000, 0x04150000, 0x09150000)
  eden space 4416K,   0% used [0x03c00000, 0x03c00000, 0x04050000)
  from space 512K,  99% used [0x04050000, 0x040cfff8, 0x040d0000)
  to   space 512K,   0% used [0x040d0000, 0x040d0000, 0x04150000)
 tenured generation   total 10944K, used 9571K [0x09150000, 0x09c00000, 0x13c00000)
   the space 10944K,  87% used [0x09150000, 0x09aa8de8, 0x09aa8e00, 0x09c00000)
 Metaspace       used 1899K, capacity 2312K, committed 2368K, reserved 4480K
}
Event: 0.454 GC heap before
{Heap before GC invocations=4 (full 0):
 def new generation   total 4928K, used 4927K [0x03c00000, 0x04150000, 0x09150000)
  eden space 4416K, 100% used [0x03c00000, 0x04050000, 0x04050000)
  from space 512K,  99% used [0x04050000, 0x040cfff8, 0x040d0000)
  to   space 512K,   0% used [0x040d0000, 0x040d0000, 0x04150000)
 tenured generation   total 10944K, used 9571K [0x09150000, 0x09c00000, 0x13c00000)
   the space 10944K,  87% used [0x09150000, 0x09aa8de8, 0x09aa8e00, 0x09c00000)
 Metaspace       used 1899K, capacity 2312K, committed 2368K, reserved 4480K
Event: 0.486 GC heap after
Heap after GC invocations=5 (full 1):
 def new generation   total 9216K, used 473K [0x03c00000, 0x04600000, 0x09150000)
  eden space 8192K,   5% used [0x03c00000, 0x03c765e8, 0x04400000)
  from space 1024K,   0% used [0x04400000, 0x04400000, 0x04500000)
  to   space 1024K,   0% used [0x04500000, 0x04500000, 0x04600000)
 tenured generation   total 20376K, used 12223K [0x09150000, 0x0a536000, 0x13c00000)
   the space 20376K,  59% used [0x09150000, 0x09d3fff8, 0x09d40000, 0x0a536000)
 Metaspace       used 1899K, capacity 2312K, committed 2368K, reserved 4480K
}
Event: 0.530 GC heap before
{Heap before GC invocations=5 (full 1):
 def new generation   total 9216K, used 8192K [0x03c00000, 0x04600000, 0x09150000)
  eden space 8192K, 100% used [0x03c00000, 0x04400000, 0x04400000)
  from space 1024K,   0% used [0x04400000, 0x04400000, 0x04500000)
  to   space 1024K,   0% used [0x04500000, 0x04500000, 0x04600000)
 tenured generation   total 20376K, used 12223K [0x09150000, 0x0a536000, 0x13c00000)
   the space 20376K,  59% used [0x09150000, 0x09d3fff8, 0x09d40000, 0x0a536000)
 Metaspace       used 1899K, capacity 2312K, committed 2368K, reserved 4480K
Event: 0.552 GC heap after
Heap after GC invocations=6 (full 1):
 def new generation   total 9216K, used 1024K [0x03c00000, 0x04600000, 0x09150000)
  eden space 8192K,   0% used [0x03c00000, 0x03c00000, 0x04400000)
  from space 1024K, 100% used [0x04500000, 0x04600000, 0x04600000)
  to   space 1024K,   0% used [0x04400000, 0x04400000, 0x04500000)
 tenured generation   total 20376K, used 16149K [0x09150000, 0x0a536000, 0x13c00000)
   the space 20376K,  79% used [0x09150000, 0x0a115620, 0x0a115800, 0x0a536000)
 Metaspace       used 1899K, capacity 2312K, committed 2368K, reserved 4480K
}
Event: 0.596 GC heap before
{Heap before GC invocations=6 (full 1):
 def new generation   total 9216K, used 9216K [0x03c00000, 0x04600000, 0x09150000)
  eden space 8192K, 100% used [0x03c00000, 0x04400000, 0x04400000)
  from space 1024K, 100% used [0x04500000, 0x04600000, 0x04600000)
  to   space 1024K,   0% used [0x04400000, 0x04400000, 0x04500000)
 tenured generation   total 20376K, used 16149K [0x09150000, 0x0a536000, 0x13c00000)
   the space 20376K,  79% used [0x09150000, 0x0a115620, 0x0a115800, 0x0a536000)
 Metaspace       used 1899K, capacity 2312K, committed 2368K, reserved 4480K
Event: 0.668 GC heap after
Heap after GC invocations=7 (full 2):
 def new generation   total 15808K, used 907K [0x03c00000, 0x04d20000, 0x09150000)
  eden space 14080K,   6% used [0x03c00000, 0x03ce2f10, 0x049c0000)
  from space 1728K,   0% used [0x049c0000, 0x049c0000, 0x04b70000)
  to   space 1728K,   0% used [0x04b70000, 0x04b70000, 0x04d20000)
 tenured generation   total 35028K, used 21015K [0x09150000, 0x0b385000, 0x13c00000)
   the space 35028K,  59% used [0x09150000, 0x0a5d5fd0, 0x0a5d6000, 0x0b385000)
 Metaspace       used 1899K, capacity 2312K, committed 2368K, reserved 4480K
}

Deoptimization events (0 events):
No events

Classes redefined (10 events):
Event: 4059.248 Thread 0x1425b000 redefined class name=eg.edu.alexu.csd.filestructure.btree.tester, count=20
Event: 4512.792 Thread 0x1425b000 redefined class name=eg.edu.alexu.csd.filestructure.btree.Tree, count=13
Event: 4588.957 Thread 0x1425b000 redefined class name=eg.edu.alexu.csd.filestructure.btree.Tree, count=14
Event: 5278.172 Thread 0x1425b000 redefined class name=eg.edu.alexu.csd.filestructure.btree.Tree, count=15
Event: 5570.453 Thread 0x1425b000 redefined class name=eg.edu.alexu.csd.filestructure.btree.Tree, count=16
Event: 5705.571 Thread 0x1425b000 redefined class name=eg.edu.alexu.csd.filestructure.btree.Tree, count=17
Event: 5794.618 Thread 0x1425b000 redefined class name=eg.edu.alexu.csd.filestructure.btree.Tree, count=18
Event: 5925.850 Thread 0x1425b000 redefined class name=eg.edu.alexu.csd.filestructure.btree.Tree, count=19
Event: 5936.653 Thread 0x1425b000 redefined class name=eg.edu.alexu.csd.filestructure.btree.Tree, count=20
Event: 6057.579 Thread 0x1425b000 redefined class name=eg.edu.alexu.csd.filestructure.btree.Tree, count=21

Internal exceptions (6 events):
Event: 0.046 Thread 0x0165d400 Exception <a 'java/lang/NoSuchMethodError': Method sun.misc.Unsafe.defineClass(Ljava/lang/String;[BII)Ljava/lang/Class; name or signature does not match> (0x03c06ea8) thrown at [C:\re\workspace\8-2-build-windows-i586-cygwin\jdk8u201\12322\hotspot\src\shar
Event: 0.046 Thread 0x0165d400 Exception <a 'java/lang/NoSuchMethodError': Method sun.misc.Unsafe.prefetchRead(Ljava/lang/Object;J)V name or signature does not match> (0x03c07178) thrown at [C:\re\workspace\8-2-build-windows-i586-cygwin\jdk8u201\12322\hotspot\src\share\vm\prims\jni.cpp
Event: 0.259 Thread 0x0165d400 Exception <a 'java/security/PrivilegedActionException'> (0x03cb9df0) thrown at [C:\re\workspace\8-2-build-windows-i586-cygwin\jdk8u201\12322\hotspot\src\share\vm\prims\jvm.cpp, line 1502]
Event: 0.259 Thread 0x0165d400 Exception <a 'java/security/PrivilegedActionException'> (0x03cb9ff0) thrown at [C:\re\workspace\8-2-build-windows-i586-cygwin\jdk8u201\12322\hotspot\src\share\vm\prims\jvm.cpp, line 1502]
Event: 0.259 Thread 0x0165d400 Exception <a 'java/security/PrivilegedActionException'> (0x03cbd7f8) thrown at [C:\re\workspace\8-2-build-windows-i586-cygwin\jdk8u201\12322\hotspot\src\share\vm\prims\jvm.cpp, line 1502]
Event: 0.259 Thread 0x0165d400 Exception <a 'java/security/PrivilegedActionException'> (0x03cbd9f8) thrown at [C:\re\workspace\8-2-build-windows-i586-cygwin\jdk8u201\12322\hotspot\src\share\vm\prims\jvm.cpp, line 1502]

Events (10 events):
Event: 6067.746 Executing VM operation: GetCurrentContendedMonitor done
Event: 6067.746 Executing VM operation: GetOwnedMonitorInfo
Event: 6067.746 Executing VM operation: GetOwnedMonitorInfo done
Event: 6067.773 Executing VM operation: GetCurrentContendedMonitor
Event: 6067.773 Executing VM operation: GetCurrentContendedMonitor done
Event: 6067.773 Executing VM operation: GetOwnedMonitorInfo
Event: 6067.773 Executing VM operation: GetOwnedMonitorInfo done
Event: 6100.186 Executing VM operation: ChangeBreakpoints
Event: 6100.186 Executing VM operation: ChangeBreakpoints done
Event: 6101.389 Executing VM operation: ChangeBreakpoints


Dynamic libraries:
0x002a0000 - 0x002d3000 	C:\Program Files\Java\jre1.8.0_201\bin\javaw.exe
0x77370000 - 0x774b2000 	C:\Windows\SYSTEM32\ntdll.dll
0x774e0000 - 0x775b5000 	C:\Windows\system32\kernel32.dll
0x75490000 - 0x754db000 	C:\Windows\system32\KERNELBASE.dll
0x759c0000 - 0x75a61000 	C:\Windows\system32\ADVAPI32.dll
0x77260000 - 0x7730c000 	C:\Windows\system32\msvcrt.dll
0x75840000 - 0x75859000 	C:\Windows\SYSTEM32\sechost.dll
0x76e20000 - 0x76ec2000 	C:\Windows\system32\RPCRT4.dll
0x76f50000 - 0x77019000 	C:\Windows\system32\USER32.dll
0x76c60000 - 0x76cae000 	C:\Windows\system32\GDI32.dll
0x774c0000 - 0x774ca000 	C:\Windows\system32\LPK.dll
0x77160000 - 0x771fd000 	C:\Windows\system32\USP10.dll
0x74060000 - 0x741fe000 	C:\Windows\WinSxS\x86_microsoft.windows.common-controls_6595b64144ccf1df_6.0.7601.18837_none_41e855142bd5705d\COMCTL32.dll
0x77200000 - 0x77257000 	C:\Windows\system32\SHLWAPI.dll
0x77350000 - 0x7736f000 	C:\Windows\system32\IMM32.DLL
0x75a70000 - 0x75b3d000 	C:\Windows\system32\MSCTF.dll
0x70f00000 - 0x70fbf000 	C:\Program Files\Java\jre1.8.0_201\bin\msvcr100.dll
0x600d0000 - 0x604a5000 	C:\Program Files\Java\jre1.8.0_201\bin\client\jvm.dll
0x724b0000 - 0x724b7000 	C:\Windows\system32\WSOCK32.dll
0x77310000 - 0x77345000 	C:\Windows\system32\WS2_32.dll
0x774d0000 - 0x774d6000 	C:\Windows\system32\NSI.dll
0x73880000 - 0x738b2000 	C:\Windows\system32\WINMM.dll
0x747d0000 - 0x747d9000 	C:\Windows\system32\VERSION.dll
0x76e10000 - 0x76e15000 	C:\Windows\system32\PSAPI.DLL
0x73180000 - 0x7318c000 	C:\Program Files\Java\jre1.8.0_201\bin\verify.dll
0x72990000 - 0x729b1000 	C:\Program Files\Java\jre1.8.0_201\bin\java.dll
0x71bb0000 - 0x71bdb000 	C:\Program Files\Java\jre1.8.0_201\bin\jdwp.dll
0x746b0000 - 0x746b7000 	C:\Program Files\Java\jre1.8.0_201\bin\npt.dll
0x729d0000 - 0x729e4000 	C:\Program Files\Java\jre1.8.0_201\bin\zip.dll
0x76010000 - 0x76c5c000 	C:\Windows\system32\SHELL32.dll
0x75860000 - 0x759bd000 	C:\Windows\system32\ole32.dll
0x75340000 - 0x7534b000 	C:\Windows\system32\profapi.dll
0x72a40000 - 0x72a48000 	C:\Program Files\Java\jre1.8.0_201\bin\dt_socket.dll
0x74020000 - 0x74030000 	C:\Windows\system32\NLAapi.dll
0x71490000 - 0x714a0000 	C:\Windows\system32\napinsp.dll
0x70d10000 - 0x70d22000 	C:\Windows\system32\pnrpnsp.dll
0x74d00000 - 0x74d3c000 	C:\Windows\System32\mswsock.dll
0x74bc0000 - 0x74c04000 	C:\Windows\system32\DNSAPI.dll
0x713e0000 - 0x713e8000 	C:\Windows\System32\winrnr.dll
0x70d00000 - 0x70d0d000 	C:\Windows\system32\wshbth.dll
0x736d0000 - 0x736ec000 	C:\Windows\system32\IPHLPAPI.DLL
0x736c0000 - 0x736c7000 	C:\Windows\system32\WINNSI.DLL
0x732c0000 - 0x732f8000 	C:\Windows\System32\fwpuclnt.dll
0x6bb50000 - 0x6bb56000 	C:\Windows\system32\rasadhlp.dll
0x74860000 - 0x74865000 	C:\Windows\System32\wshtcpip.dll
0x6cb10000 - 0x6cbfb000 	C:\Windows\system32\dbghelp.dll

VM Arguments:
jvm_args: -agentlib:jdwp=transport=dt_socket,suspend=y,address=localhost:51122 -Dfile.encoding=Cp1256 
java_command: eg.edu.alexu.csd.filestructure.btree.tester
java_class_path (initial): K:\Works\Java\BTree\bin;K:\Programs\eclipse-4-4-2-luna-32-bit-en-win\eclipse\plugins\org.junit_4.11.0.v201303080030\junit.jar;K:\Programs\eclipse-4-4-2-luna-32-bit-en-win\eclipse\plugins\org.hamcrest.core_1.3.0.v201303031735.jar
Launcher Type: SUN_STANDARD

Environment Variables:
CLASSPATH=.;C:\Program Files\Java\jre1.8.0_102\lib\ext\QTJava.zip
PATH=C:/Program Files/Java/jre1.8.0_201/bin/client;C:/Program Files/Java/jre1.8.0_201/bin;C:/Program Files/Java/jre1.8.0_201/lib/i386;C:\Program Files\Common Files\Oracle\Java\javapath;C:\Python27\;C:\Python27\Scripts;C:\Windows\system32 ; C:\Windows;C:\ProgramData\Oracle\Java\javapath;C:\Windows\system32;C:\Windows;C:\Windows\System32\Wbem;C:\Windows\System32\WindowsPowerShell\v1.0\;C:\Program Files\QuickTime\QTSystem\;C:\Program Files\nodejs\;C:\Program Files\Brackets\command;C:\Program Files\GtkSharp\2.12\bin;C:\xampp\php;C:\ProgramData\ComposerSetup\bin;C:\Users\kimo only\AppData\Local\Programs\Python\Python37-32;C:\Tcl\bin;C:\Users\kimo only\AppData\Roaming\Composer\vendor\bin;K:\Programs\Microsoft VS Code\bin;C:\Program Files\Common Files\Oracle\Java\javapath;C:\Python27\;C:\Python27\Scripts;C:\Windows\system32 ; C:\Windows;C:\ProgramData\Oracle\Java\javapath;C:\Windows\system32;C:\Windows;C:\Windows\System32\Wbem;C:\Windows\System32\WindowsPowerShell\v1.0\;C:\Program Files\QuickTime\QTSystem\;C:\Program Files\nodejs\;C:\Program Files\Brackets\command;C:\Program Files\GtkSharp\2.12\bin;C:\xampp\php;C:\ProgramData\ComposerSetup\bin;C:\Users\kimo only\AppData\Local\Programs\Python\Python37-32;K:\Programs\eclipse-4-4-2-luna-32-bit-en-win\eclipse;
USERNAME=kimo only
OS=Windows_NT
PROCESSOR_IDENTIFIER=x86 Family 6 Model 42 Stepping 7, GenuineIntel



---------------  S Y S T E M  ---------------

OS: Windows 7 Build 7601 (6.1.7601.24168)

CPU:total 4 (initial active 4) (2 cores per cpu, 2 threads per core) family 6 model 42 stepping 7, cmov, cx8, fxsr, mmx, sse, sse2, sse3, ssse3, sse4.1, sse4.2, popcnt, avx, clmul, ht, tsc, tscinvbit

Memory: 4k page, physical 1982196k(294892k free), swap 3964392k(782464k free)

vm_info: Java HotSpot(TM) Client VM (25.201-b09) for windows-x86 JRE (1.8.0_201-b09), built on Dec 16 2018 00:13:48 by "java_re" with MS VC++ 10.0 (VS2010)

time: Sun May 12 22:34:42 2019
timezone: Egypt Standard Time
elapsed time: 6101 seconds (0d 1h 41m 41s)

